<?xml version="1.0" encoding="UTF-8"?>
<!-- Generated by org.testng.reporters.JUnitReportReporter -->
<testsuite skipped="0" hostname="RajithaR" name="com.sinnerSchrader.qa.testCases.SinnerSchraderTest" tests="4" failures="0" timestamp="07 Dec 2019 11:28:47 GMT" time="65.179" errors="0">
  <testcase name="brokenImagesTest" time="18.024" classname="com.sinnerSchrader.qa.testCases.SinnerSchraderTest"/>
  <testcase name="loginTest" time="14.444" classname="com.sinnerSchrader.qa.testCases.SinnerSchraderTest"/>
  <testcase name="horizontalSliderTest" time="15.138" classname="com.sinnerSchrader.qa.testCases.SinnerSchraderTest"/>
  <testcase name="UserDetailsTest" time="17.573" classname="com.sinnerSchrader.qa.testCases.SinnerSchraderTest"/>
</testsuite> <!-- com.sinnerSchrader.qa.testCases.SinnerSchraderTest -->
