<?xml version="1.0" encoding="UTF-8"?>
<!-- Generated by org.testng.reporters.JUnitReportReporter -->
<testsuite skipped="0" hostname="RajithaR" name="com.sinnerSchrader.qa.testCases.Test1" tests="4" failures="0" timestamp="03 Dec 2019 17:21:46 GMT" time="62.196" errors="0">
  <testcase name="brokenImagesTest" time="16.033" classname="com.sinnerSchrader.qa.testCases.Test1"/>
  <testcase name="loginTest" time="13.782" classname="com.sinnerSchrader.qa.testCases.Test1"/>
  <testcase name="horizontalSliderTest" time="15.059" classname="com.sinnerSchrader.qa.testCases.Test1"/>
  <testcase name="UserDetailsTest" time="17.322" classname="com.sinnerSchrader.qa.testCases.Test1"/>
</testsuite> <!-- com.sinnerSchrader.qa.testCases.Test1 -->
